{
  "RSpec": {
    "coverage": {
      "/Users/cwong/Documents/Gilded_Rose/GildedRose-Refactoring-Kata/ruby/spec/aged_brie_spec.rb": [
        1,
        null,
        null,
        1,
        null,
        1,
        1,
        null,
        1,
        0,
        0,
        null,
        null,
        null,
        null,
        1,
        1,
        1,
        1,
        1,
        null,
        null,
        1,
        1,
        1,
        1,
        1,
        null,
        null,
        1,
        1,
        1,
        1,
        1,
        null,
        null,
        null,
        null
      ],
      "/Users/cwong/Documents/Gilded_Rose/GildedRose-Refactoring-Kata/ruby/lib/aged_brie.rb": [
        null,
        null,
        1,
        null,
        1,
        6,
        null,
        null,
        1,
        6,
        6,
        null,
        null,
        1,
        null,
        1,
        6,
        6,
        null,
        null,
        1,
        6,
        2,
        null,
        null,
        null,
        null
      ],
      "/Users/cwong/Documents/Gilded_Rose/GildedRose-Refactoring-Kata/ruby/spec/backstage_passes_spec.rb": [
        1,
        null,
        1,
        null,
        1,
        1,
        1,
        1,
        1,
        null,
        null,
        1,
        1,
        1,
        1,
        1,
        null,
        null,
        1,
        1,
        1,
        1,
        1,
        null,
        null,
        1,
        1,
        1,
        1,
        1,
        null,
        null,
        1,
        1,
        1,
        1,
        1,
        null,
        null,
        null
      ],
      "/Users/cwong/Documents/Gilded_Rose/GildedRose-Refactoring-Kata/ruby/lib/backstage_passes.rb": [
        1,
        null,
        1,
        10,
        null,
        null,
        1,
        10,
        10,
        10,
        null,
        null,
        1,
        null,
        1,
        10,
        null,
        null,
        1,
        2,
        null,
        null,
        1,
        8,
        null,
        null,
        1,
        2,
        null,
        null,
        1,
        6,
        null,
        null,
        1,
        10,
        2,
        null,
        null,
        null,
        null
      ],
      "/Users/cwong/Documents/Gilded_Rose/GildedRose-Refactoring-Kata/ruby/spec/conjured_spec.rb": [
        null,
        null,
        null,
        null,
        null,
        null,
        null,
        null,
        null,
        null,
        null,
        null,
        null,
        null,
        null,
        null,
        null,
        null,
        null,
        null,
        null,
        null,
        null,
        null,
        null,
        null,
        null,
        null,
        null,
        null,
        null,
        null,
        null,
        null,
        null,
        null,
        null,
        null,
        null,
        null,
        null,
        null,
        null,
        null,
        null
      ],
      "/Users/cwong/Documents/Gilded_Rose/GildedRose-Refactoring-Kata/ruby/spec/gilded_rose_spec.rb": [
        1,
        null,
        1,
        null,
        1,
        null,
        null,
        1,
        null,
        1,
        4,
        4,
        4,
        null,
        null,
        1,
        1,
        null,
        null,
        1,
        1,
        null,
        null,
        1,
        1,
        null,
        null,
        1,
        1,
        1,
        null,
        null,
        null,
        1,
        1,
        1,
        1,
        null,
        1,
        11,
        null,
        1,
        null,
        null,
        null,
        1,
        1,
        1,
        1,
        1,
        1,
        null,
        null,
        1,
        1,
        1,
        1,
        1,
        null,
        null,
        null,
        null,
        1,
        1,
        1,
        1,
        1,
        1,
        null,
        null,
        1,
        1,
        1,
        1,
        1,
        null,
        null,
        1,
        1,
        1,
        1,
        1,
        null,
        null,
        null,
        1,
        1,
        1,
        1,
        1,
        1,
        null,
        null,
        1,
        1,
        1,
        1,
        1,
        null,
        null,
        1,
        1,
        1,
        1,
        1,
        null,
        null,
        1,
        1,
        1,
        1,
        1,
        null,
        null,
        1,
        1,
        1,
        1,
        1,
        null,
        null,
        null,
        null,
        null,
        null,
        null,
        null
      ],
      "/Users/cwong/Documents/Gilded_Rose/GildedRose-Refactoring-Kata/ruby/lib/gilded_rose.rb": [
        1,
        1,
        1,
        1,
        null,
        1,
        null,
        1,
        15,
        null,
        null,
        1,
        26,
        26,
        null,
        null,
        null,
        1,
        null,
        1,
        26,
        null,
        null,
        1,
        3,
        3,
        null,
        null,
        1,
        5,
        5,
        null,
        null,
        1,
        2,
        2,
        null,
        null,
        1,
        16,
        16,
        null,
        null,
        1,
        10,
        null,
        3,
        null,
        5,
        null,
        2,
        null,
        null,
        null,
        null,
        null,
        1,
        1,
        null,
        1,
        20,
        20,
        20,
        null,
        null,
        1,
        0,
        null,
        null,
        null
      ],
      "/Users/cwong/Documents/Gilded_Rose/GildedRose-Refactoring-Kata/ruby/lib/sulfuras.rb": [
        1,
        null,
        1,
        4,
        null,
        null,
        1,
        4,
        4,
        null,
        null,
        null
      ],
      "/Users/cwong/Documents/Gilded_Rose/GildedRose-Refactoring-Kata/ruby/lib/normal_item.rb": [
        1,
        null,
        1,
        19,
        null,
        null,
        1,
        29,
        29,
        null,
        null,
        1,
        null,
        1,
        26,
        null,
        null,
        1,
        3,
        null,
        null,
        null
      ],
      "/Users/cwong/Documents/Gilded_Rose/GildedRose-Refactoring-Kata/ruby/spec/normal_item_spec.rb": [
        1,
        null,
        1,
        null,
        1,
        1,
        null,
        1,
        0,
        0,
        null,
        null,
        null,
        null,
        1,
        1,
        2,
        2,
        2,
        null,
        null,
        1,
        1,
        null,
        null,
        1,
        1,
        null,
        null,
        null,
        1,
        1,
        1,
        1,
        null,
        1,
        11,
        null,
        null,
        1,
        null,
        null,
        null,
        null
      ],
      "/Users/cwong/Documents/Gilded_Rose/GildedRose-Refactoring-Kata/ruby/spec/sulfuras_spec.rb": [
        1,
        null,
        null,
        1,
        null,
        1,
        1,
        null,
        1,
        8,
        8,
        null,
        null,
        null,
        null,
        1,
        1,
        1,
        1,
        1,
        null,
        null,
        1,
        1,
        1,
        1,
        1,
        null,
        null,
        null
      ]
    },
    "timestamp": 1511965649
  }
}
